<?xml version="1.0" encoding="UTF-8"?>
<!-- Generated by org.testng.reporters.JUnitXMLReporter -->
<testsuite hostname="usnycpww9456.global.publicisgroupe.net" name="Preference Center" tests="5" failures="0" timestamp="7 Jan 2016 19:05:04 GMT" time="149.884" errors="0">
  <testcase name="invalidLogin" time="13.2" classname="brand.test.PreferenceCenter"/>
  <testcase name="validLogin" time="8.783" classname="brand.test.PreferenceCenter"/>
  <testcase name="resetPassword" time="23.315" classname="brand.test.PreferenceCenter"/>
  <testcase name="setPassword" time="21.396" classname="brand.test.PreferenceCenter"/>
  <testcase name="loginAndLogout" time="1.886" classname="brand.test.PreferenceCenter"/>
</testsuite> <!-- Preference Center -->
