<?xml version="1.0" encoding="UTF-8"?>
<testng-results skipped="0" failed="0" total="1" passed="1">
  <reporter-output>
  </reporter-output>
  <suite name="Product" duration-ms="634770" started-at="2016-01-11T17:29:05Z" finished-at="2016-01-11T17:39:40Z">
    <groups>
    </groups>
    <test name="Product Details" duration-ms="634770" started-at="2016-01-11T17:29:05Z" finished-at="2016-01-11T17:39:40Z">
      <class name="shop.product.AllProducts">
        <test-method status="PASS" signature="beforeClass()[pri:0, instance:shop.product.AllProducts@5f0dd6db]" name="beforeClass" is-config="true" duration-ms="18942" started-at="2016-01-11T12:29:05Z" finished-at="2016-01-11T12:29:24Z">
          <reporter-output>
          </reporter-output>
        </test-method> <!-- beforeClass -->
        <test-method status="PASS" signature="variantName()[pri:0, instance:shop.product.AllProducts@5f0dd6db]" name="variantName" duration-ms="615813" started-at="2016-01-11T12:29:24Z" finished-at="2016-01-11T12:39:40Z">
          <reporter-output>
          </reporter-output>
        </test-method> <!-- variantName -->
      </class> <!-- shop.product.AllProducts -->
    </test> <!-- Product Details -->
  </suite> <!-- Product -->
</testng-results>
